<?xml version="1.0" encoding="UTF-8"?>
<testsuite name="com.bell_bell.book.springboot.web.dto.HelloResponseDtoTest" tests="1" skipped="0" failures="0" errors="0" timestamp="2021-12-19T11:20:40" hostname="DESKTOP-01OPS7K" time="0.003">
  <properties/>
  <testcase name="롬북_기능_테스트" classname="com.bell_bell.book.springboot.web.dto.HelloResponseDtoTest" time="0.003"/>
  <system-out><![CDATA[]]></system-out>
  <system-err><![CDATA[]]></system-err>
</testsuite>
